slurm submission log: 2024-05-23 12:40:17.980800
created following sbatch script: 

###############################

#!/bin/bash

#SBATCH --account=nlp
#SBATCH --cpus-per-task=2
#SBATCH --gres=gpu:0
#SBATCH --job-name=tensorboard
#SBATCH --mem=40G
#SBATCH --open-mode=append
#SBATCH --output=tensorboard.out
#SBATCH --partition=john
#SBATCH --time=14-0

# activate your desired anaconda environment
. /nlp/scr/ananjan/miniconda3/etc/profile.d/conda.sh ; conda activate asr-dro

# cd to working directory
cd .

# launch commands
srun --unbuffered run_as_child_processes 'tensorboard --logdir /nlp/scr/ananjan/asrdro/exp_subset/ --port 6006 --bind_all'

###############################

submission to slurm complete!


###############################
slurm submission output

Submitted batch job 7645474



###############################

###############################
start time: 2024-05-23 12:40:20.305334
machine: john17.stanford.edu
conda env: asr-dro
###############################
running following processes

	tensorboard --logdir /nlp/scr/ananjan/asrdro/exp_subset/ --port 6006 --bind_all


###############################
command outputs: 


TensorFlow installation not found - running with reduced feature set.

NOTE: Using experimental fast data loading logic. To disable, pass
    "--load_fast=false" and report issues on GitHub. More details:
    https://github.com/tensorflow/tensorboard/issues/4784

TensorBoard 2.16.2 at http://john17.stanford.edu:6006/ (Press CTRL+C to quit)
srun: Job step aborted: Waiting up to 32 seconds for job step to finish.
slurmstepd: error: *** STEP 7645474.0 ON john17 CANCELLED AT 2024-05-23T20:12:03 ***
Received SIGTERM, job terminating, terminating 1 processes...
TensorBoard caught SIGTERM; exiting...
slurmstepd: error: *** JOB 7645474 ON john17 CANCELLED AT 2024-05-23T20:12:03 ***
